#
# There is insufficient memory for the Java Runtime Environment to continue.
# Native memory allocation (mmap) failed to map 655360 bytes for G1 virtual space
# Possible reasons:
#   The system is out of physical RAM or swap space
#   The process is running with CompressedOops enabled, and the Java Heap may be blocking the growth of the native heap
# Possible solutions:
#   Reduce memory load on the system
#   Increase physical memory or swap space
#   Check if swap backing store is full
#   Decrease Java heap size (-Xmx/-Xms)
#   Decrease number of Java threads
#   Decrease Java thread stack sizes (-Xss)
#   Set larger code cache with -XX:ReservedCodeCacheSize=
#   JVM is running with Zero Based Compressed Oops mode in which the Java heap is
#     placed in the first 32GB address space. The Java Heap base address is the
#     maximum limit for the native heap growth. Please use -XX:HeapBaseMinAddress
#     to set the Java Heap base and to place the Java Heap above 32GB virtual address.
# This output file may be truncated or incomplete.
#
#  Out of Memory Error (os_windows.cpp:3825), pid=8048, tid=14980
#
# JRE version:  (17.0.9+7) (build )
# Java VM: OpenJDK 64-Bit Server VM (17.0.9+7-b1087.7, mixed mode, sharing, tiered, compressed oops, compressed class ptrs, g1 gc, windows-amd64)
# No core dump will be written. Minidumps are not enabled by default on client versions of Windows
#

---------------  S U M M A R Y ------------

Command Line: git4idea.http.GitAskPassApp Username for 'https://github.com': 

Host: Intel(R) Core(TM) i5-4460  CPU @ 3.20GHz, 4 cores, 19G,  Windows 10 , 64 bit Build 19041 (10.0.19041.4597)
Time: Sat Jul 13 19:18:20 2024 Iran Standard Time elapsed time: 0.017483 seconds (0d 0h 0m 0s)

---------------  T H R E A D  ---------------

Current thread (0x000001c9f6fa7070):  JavaThread "Unknown thread" [_thread_in_vm, id=14980, stack(0x0000008a1a900000,0x0000008a1aa00000)]

Stack: [0x0000008a1a900000,0x0000008a1aa00000]
Native frames: (J=compiled Java code, j=interpreted, Vv=VM code, C=native code)
V  [jvm.dll+0x6886e9]
V  [jvm.dll+0x841e4a]
V  [jvm.dll+0x843a8e]
V  [jvm.dll+0x8440f3]
V  [jvm.dll+0x24c14f]
V  [jvm.dll+0x685499]
V  [jvm.dll+0x679c2a]
V  [jvm.dll+0x30cf9b]
V  [jvm.dll+0x314446]
V  [jvm.dll+0x3642bd]
V  [jvm.dll+0x36448f]
V  [jvm.dll+0x2e2d68]
V  [jvm.dll+0x2e3cd4]
V  [jvm.dll+0x8129f1]
V  [jvm.dll+0x3720c1]
V  [jvm.dll+0x7f152c]
V  [jvm.dll+0x3f5d4f]
V  [jvm.dll+0x3f7981]
C  [jli.dll+0x528f]
C  [ucrtbase.dll+0x21bb2]
C  [KERNEL32.DLL+0x17374]
C  [ntdll.dll+0x4cc91]


---------------  P R O C E S S  ---------------

Threads class SMR info:
_java_thread_list=0x00007ffcfd71ef18, length=0, elements={
}

Java Threads: ( => current thread )

Other Threads:
  0x000001c9f70199a0 GCTaskThread "GC Thread#0" [stack: 0x0000008a1aa00000,0x0000008a1ab00000] [id=11672]
  0x000001c9f7024840 ConcurrentGCThread "G1 Main Marker" [stack: 0x0000008a1ab00000,0x0000008a1ac00000] [id=7276]
  0x000001c9f7026270 ConcurrentGCThread "G1 Conc#0" [stack: 0x0000008a1ac00000,0x0000008a1ad00000] [id=18112]

[error occurred during error reporting (printing all threads), id 0xc0000005, EXCEPTION_ACCESS_VIOLATION (0xc0000005) at pc=0x00007ffcfced3937]

VM state: not at safepoint (not fully initialized)

VM Mutex/Monitor currently owned by a thread:  ([mutex/lock_event])
[0x000001c9f6fa4e80] Heap_lock - owner thread: 0x000001c9f6fa7070

Heap address: 0x00000006c1400000, size: 5100 MB, Compressed Oops mode: Zero based, Oop shift amount: 3

CDS archive(s) mapped at: [0x0000000000000000-0x0000000000000000-0x0000000000000000), size 0, SharedBaseAddress: 0x0000000800000000, ArchiveRelocationMode: 1.
Narrow klass base: 0x0000000000000000, Narrow klass shift: 0, Narrow klass range: 0x0

GC Precious Log:
<Empty>

Heap:
 garbage-first heap   total 0K, used 0K [0x00000006c1400000, 0x0000000800000000)
  region size 4096K, 0 young (0K), 0 survivors (0K)
 Metaspace       used 0K, committed 0K, reserved 0K
  class space    used 0K, committed 0K, reserved 0K

Heap Regions: E=young(eden), S=young(survivor), O=old, HS=humongous(starts), HC=humongous(continues), CS=collection set, F=free, OA=open archive, CA=closed archive, TAMS=top-at-mark-start (previous, next)

Card table byte_map: [0x000001c9fcf40000,0x000001c9fd940000] _byte_map_base: 0x000001c9f9936000

Marking Bits (Prev, Next): (CMBitMap*) 0x000001c9f7019fc0, (CMBitMap*) 0x000001c9f701a000
 Prev Bits: [0x000001c98f000000, 0x000001c993fb0000)
 Next Bits: [0x000001c993fb0000, 0x000001c998f60000)

GC Heap History (0 events):
No events

Dll operation events (1 events):
Event: 0.008 Loaded shared library C:\Program Files\JetBrains\PyCharm 2023.3\jbr\bin\java.dll

Deoptimization events (0 events):
No events

Classes unloaded (0 events):
No events

Classes redefined (0 events):
No events

Internal exceptions (0 events):
No events

VM Operations (0 events):
No events

Events (0 events):
No events


Dynamic libraries:
0x00007ff7751f0000 - 0x00007ff7751fa000 	C:\Program Files\JetBrains\PyCharm 2023.3\jbr\bin\java.exe
0x00007ffd4a0f0000 - 0x00007ffd4a2e8000 	C:\WINDOWS\SYSTEM32\ntdll.dll
0x00007ffd49000000 - 0x00007ffd490c1000 	C:\WINDOWS\System32\KERNEL32.DLL
0x00007ffd47940000 - 0x00007ffd47c36000 	C:\WINDOWS\System32\KERNELBASE.dll
0x00007ffd47840000 - 0x00007ffd47940000 	C:\WINDOWS\System32\ucrtbase.dll
0x00007ffd29110000 - 0x00007ffd29127000 	C:\Program Files\JetBrains\PyCharm 2023.3\jbr\bin\jli.dll
0x00007ffd28eb0000 - 0x00007ffd28ecb000 	C:\Program Files\JetBrains\PyCharm 2023.3\jbr\bin\VCRUNTIME140.dll
0x00007ffd49210000 - 0x00007ffd493af000 	C:\WINDOWS\System32\USER32.dll
0x00007ffd480c0000 - 0x00007ffd480e2000 	C:\WINDOWS\System32\win32u.dll
0x00007ffd39d20000 - 0x00007ffd39fba000 	C:\WINDOWS\WinSxS\amd64_microsoft.windows.common-controls_6595b64144ccf1df_6.0.19041.4355_none_60b8b9eb71f62e16\COMCTL32.dll
0x00007ffd481a0000 - 0x00007ffd481cb000 	C:\WINDOWS\System32\GDI32.dll
0x00007ffd48ca0000 - 0x00007ffd48d3e000 	C:\WINDOWS\System32\msvcrt.dll
0x00007ffd47cd0000 - 0x00007ffd47de7000 	C:\WINDOWS\System32\gdi32full.dll
0x00007ffd477a0000 - 0x00007ffd4783d000 	C:\WINDOWS\System32\msvcp_win.dll
0x00007ffd493c0000 - 0x00007ffd493ef000 	C:\WINDOWS\System32\IMM32.DLL
0x00007ffd28ea0000 - 0x00007ffd28eac000 	C:\Program Files\JetBrains\PyCharm 2023.3\jbr\bin\vcruntime140_1.dll
0x00007ffd08c70000 - 0x00007ffd08cfd000 	C:\Program Files\JetBrains\PyCharm 2023.3\jbr\bin\msvcp140.dll
0x00007ffcfcbe0000 - 0x00007ffcfd863000 	C:\Program Files\JetBrains\PyCharm 2023.3\jbr\bin\server\jvm.dll
0x00007ffd48da0000 - 0x00007ffd48e50000 	C:\WINDOWS\System32\ADVAPI32.dll
0x00007ffd48310000 - 0x00007ffd483b0000 	C:\WINDOWS\System32\sechost.dll
0x00007ffd48eb0000 - 0x00007ffd48fd3000 	C:\WINDOWS\System32\RPCRT4.dll
0x00007ffd47770000 - 0x00007ffd47797000 	C:\WINDOWS\System32\bcrypt.dll
0x00007ffd2c060000 - 0x00007ffd2c069000 	C:\WINDOWS\SYSTEM32\WSOCK32.dll
0x00007ffd46cb0000 - 0x00007ffd46cfb000 	C:\WINDOWS\SYSTEM32\POWRPROF.dll
0x00007ffd38300000 - 0x00007ffd38327000 	C:\WINDOWS\SYSTEM32\WINMM.dll
0x00007ffd48440000 - 0x00007ffd484ab000 	C:\WINDOWS\System32\WS2_32.dll
0x00007ffd41010000 - 0x00007ffd4101a000 	C:\WINDOWS\SYSTEM32\VERSION.dll
0x00007ffd46b20000 - 0x00007ffd46b32000 	C:\WINDOWS\SYSTEM32\UMPDC.dll
0x00007ffd45f70000 - 0x00007ffd45f82000 	C:\WINDOWS\SYSTEM32\kernel.appcore.dll
0x00007ffd2c780000 - 0x00007ffd2c78a000 	C:\Program Files\JetBrains\PyCharm 2023.3\jbr\bin\jimage.dll
0x00007ffd36e80000 - 0x00007ffd37064000 	C:\WINDOWS\SYSTEM32\DBGHELP.DLL
0x00007ffd38fd0000 - 0x00007ffd39004000 	C:\WINDOWS\SYSTEM32\dbgcore.DLL
0x00007ffd47c40000 - 0x00007ffd47cc2000 	C:\WINDOWS\System32\bcryptPrimitives.dll
0x00007ffd20680000 - 0x00007ffd206a5000 	C:\Program Files\JetBrains\PyCharm 2023.3\jbr\bin\java.dll

dbghelp: loaded successfully - version: 4.0.5 - missing functions: none
symbol engine: initialized successfully - sym options: 0x614 - pdb path: .;C:\Program Files\JetBrains\PyCharm 2023.3\jbr\bin;C:\WINDOWS\SYSTEM32;C:\WINDOWS\WinSxS\amd64_microsoft.windows.common-controls_6595b64144ccf1df_6.0.19041.4355_none_60b8b9eb71f62e16;C:\Program Files\JetBrains\PyCharm 2023.3\jbr\bin\server

VM Arguments:
java_command: git4idea.http.GitAskPassApp Username for 'https://github.com': 
java_class_path (initial): C:/Program Files/JetBrains/PyCharm 2023.3/plugins/vcs-git/lib/git4idea-rt.jar;C:/Program Files/JetBrains/PyCharm 2023.3/lib/externalProcess-rt.jar
Launcher Type: SUN_STANDARD

[Global flags]
     intx CICompilerCount                          = 3                                         {product} {ergonomic}
     uint ConcGCThreads                            = 1                                         {product} {ergonomic}
     uint G1ConcRefinementThreads                  = 4                                         {product} {ergonomic}
   size_t G1HeapRegionSize                         = 4194304                                   {product} {ergonomic}
    uintx GCDrainStackTargetSize                   = 64                                        {product} {ergonomic}
   size_t InitialHeapSize                          = 335544320                                 {product} {ergonomic}
   size_t MarkStackSize                            = 4194304                                   {product} {ergonomic}
   size_t MaxHeapSize                              = 5347737600                                {product} {ergonomic}
   size_t MinHeapDeltaBytes                        = 4194304                                   {product} {ergonomic}
   size_t MinHeapSize                              = 8388608                                   {product} {ergonomic}
    uintx NonNMethodCodeHeapSize                   = 5832780                                {pd product} {ergonomic}
    uintx NonProfiledCodeHeapSize                  = 122912730                              {pd product} {ergonomic}
    uintx ProfiledCodeHeapSize                     = 122912730                              {pd product} {ergonomic}
    uintx ReservedCodeCacheSize                    = 251658240                              {pd product} {ergonomic}
     bool SegmentedCodeCache                       = true                                      {product} {ergonomic}
   size_t SoftMaxHeapSize                          = 5347737600                             {manageable} {ergonomic}
     bool UseCompressedClassPointers               = true                           {product lp64_product} {ergonomic}
     bool UseCompressedOops                        = true                           {product lp64_product} {ergonomic}
     bool UseG1GC                                  = true                                      {product} {ergonomic}
     bool UseLargePagesIndividualAllocation        = false                                  {pd product} {ergonomic}

Logging:
Log output configuration:
 #0: stdout all=warning uptime,level,tags
 #1: stderr all=off uptime,level,tags

Environment Variables:
PATH=C:\Program Files\Git\mingw64\libexec\git-core;C:\Program Files\Git\mingw64\libexec\git-core;C:\Program Files\Git\mingw64\bin;C:\Program Files\Git\usr\bin;C:\Users\XeuS\bin;I:\projects\Django project\django_issuetracker\backend\venv\Scripts;C:\Program Files\PostgreSQL\13\lib;C:\Program Files\PostgreSQL\13\bin;C:\Windows\System32;C:\Program Files\nodejs;C:\Program Files\Git\usr\bin;C:\Program Files (x86)\NetSarang\Xshell 7;C:\Program Files (x86)\Bitvise SSH Client;C:\Program Files\dotnet;C:\Program Files\WireGuard;C:\Program Files\nodejs;C:\Program Files\Docker\Docker\resources\bin;C:\Program Files\Amazon\AWSCLIV2;C:\Program Files (x86)\NVIDIA Corporation\PhysX\Common;C:\Program Files (x86)\Go\bin;C:\Program Files\Cloudflare\Cloudflare WARP;C:\Users\XeuS\AppData\Local\Programs\Python\Python312\Scripts;C:\Users\XeuS\AppData\Local\Programs\Python\Python312;C:\Users\XeuS\Anaconda3;C:\Users\XeuS\Anaconda3\Library\mingw-w64\bin;C:\Users\XeuS\Anaconda3\Library\usr\bin;C:\Users\XeuS\Anaconda3\Library\bin;C:\Users\XeuS\Anaconda3\Scripts;C:\Users\XeuS\AppData\Local\Microsoft\WindowsApps;C:\Program Files\JetBrains\PyCharm 2021.2.3\bin;C:\Program Files\JetBrains\WebStorm 2021.2.3\bin;C:\Program Files\heroku\bin;C:\Program Files\JetBrains\PyCharm 2022.2\bin;C:\Program Files\JetBrains\WebStorm 2022.3\bin;C:\Windows\System32\OpenSSH;C:\Users\XeuS\AppData\Local\Programs\Microsoft VS Code\bin;C:\Users\XeuS\AppData\Local\Programs\oh-my-posh\bin;C:\Users\XeuS\AppData\Local\Programs\mongosh;C:\Program Files\JetBrains\WebStorm 2023.2.2\bin;C:\Users\XeuS\AppData\Roaming\npm;C:\Users\XeuS\AppData\Roaming\Python\Python312\Scripts;C:\Users\XeuS\go\bin;C:\Program Files\JetBrains\PyCharm 2023.3\bin;C:\Program Files\Graphviz\bin
USERNAME=XeuS
DISPLAY=:0.0
LC_ALL=en_US.UTF-8
TERM=cygwin
TMPDIR=C:\Users\XeuS\AppData\Local\Temp
OS=Windows_NT
PROCESSOR_IDENTIFIER=Intel64 Family 6 Model 60 Stepping 3, GenuineIntel
TMP=C:\Users\XeuS\AppData\Local\Temp
TEMP=C:\Users\XeuS\AppData\Local\Temp



Periodic native trim disabled

JNI global refs:
JNI global refs: 0, weak refs: 0

JNI global refs memory usage: 0, weak refs: 0

OOME stack traces (most recent first):
Classloader memory used:


---------------  S Y S T E M  ---------------

OS:
 Windows 10 , 64 bit Build 19041 (10.0.19041.4597)
OS uptime: 1 days 10:52 hours
Hyper-V role detected

CPU: total 4 (initial active 4) (4 cores per cpu, 1 threads per core) family 6 model 60 stepping 3 microcode 0x27, cx8, cmov, fxsr, mmx, sse, sse2, sse3, ssse3, sse4.1, sse4.2, popcnt, lzcnt, tsc, tscinvbit, avx, avx2, aes, erms, clmul, bmi1, bmi2, fma, vzeroupper, clflush, hv
Processor Information for all 4 processors :
  Max Mhz: 3201, Current Mhz: 3201, Mhz Limit: 3201

Memory: 4k page, system-wide physical 20385M (4361M free)
TotalPageFile size 24481M (AvailPageFile size 6M)
current process WorkingSet (physical memory assigned to process): 11M, peak: 11M
current process commit charge ("private bytes"): 383M, peak: 384M

vm_info: OpenJDK 64-Bit Server VM (17.0.9+7-b1087.7) for windows-amd64 JRE (17.0.9+7-b1087.7), built on 2023-11-17 by "builduser" with MS VC++ 16.10 / 16.11 (VS2019)

END.
